Mar 08, 2024 11:05:59 AM dev.selenium.test.Modules.Login Test_Login
INFO: [Start] of Login Test Automation
Mar 08, 2024 11:06:08 AM dev.selenium.test.Modules.Login Test_Login
INFO: [End] of Login Test Automation
Mar 08, 2024 11:06:08 AM dev.selenium.test.Modules.UserDetails Test_UserDetails
INFO: [START] of User Details
Mar 08, 2024 11:06:08 AM dev.selenium.test.Modules.UserDetails OpenModule
INFO: Opening User Details Module
Mar 08, 2024 11:06:10 AM dev.selenium.test.Modules.UserDetails OpenModule
INFO: [PASS] Openend User Details Module
Mar 08, 2024 11:06:10 AM dev.selenium.test.Modules.UserDetails AddNewUser
INFO: [START] Adding New User
Mar 08, 2024 11:06:14 AM dev.selenium.test.Modules.UserDetails AddNewUser
INFO: [PASS] Unable to Add user with incomplete required fields_No input
Mar 08, 2024 11:06:51 AM dev.selenium.test.Modules.UserDetails AddNewUser
INFO: [PASS] Able to Add user with incomplete optional fields
Mar 08, 2024 11:06:51 AM dev.selenium.test.Modules.UserDetails ViewUser
INFO: [START] Checking if new added user is present on 'Users List'
Mar 08, 2024 11:06:53 AM dev.selenium.test.Modules.UserDetails ViewUser
INFO: [END] Checking if new added user is present on 'Users List'
Mar 08, 2024 11:06:59 AM dev.selenium.test.Modules.UserDetails AddNewUser
INFO: [PASS] Unable to Add user with mismatched passwords
Mar 08, 2024 11:07:05 AM dev.selenium.test.Modules.UserDetails AddNewUser
INFO: [PASS] Unable to Add user with mismatched passwords
Mar 08, 2024 11:07:09 AM dev.selenium.test.Modules.UserDetails AddNewUser
INFO: [PASS] Add User Details_Able to ENCRYPT password
Mar 08, 2024 11:07:09 AM dev.selenium.test.Modules.UserDetails AddNewUser
INFO: [PASS] Add User Details_Able to ENCRYPT password
Mar 08, 2024 11:07:30 AM dev.selenium.test.Modules.UserDetails AddNewUser
INFO: [PASS] Able to Add user with complete fields
Mar 08, 2024 11:07:44 AM dev.selenium.test.Modules.UserDetails ViewUser
INFO: [START] Checking if new added user is present on 'Users List'
Mar 08, 2024 11:07:46 AM dev.selenium.test.Modules.UserDetails ViewUser
INFO: [END] Checking if new added user is present on 'Users List'
Mar 08, 2024 11:07:46 AM dev.selenium.test.Modules.UserDetails AddNewUser
INFO: [END] Adding New User
Mar 08, 2024 11:07:46 AM dev.selenium.test.Modules.UserDetails EditUser
INFO: [START] Editing User
Mar 08, 2024 11:07:49 AM dev.selenium.test.Modules.UserDetails EditUser
INFO: [PASS] Unable to update user without Required Fields
Mar 08, 2024 11:07:50 AM dev.selenium.test.Modules.UserDetails EditUser
INFO: Add User Details_Able to ENCRYPT password
Mar 08, 2024 11:07:50 AM dev.selenium.test.Modules.UserDetails EditUser
INFO: Add User Details_Able to ENCRYPT password
Mar 08, 2024 11:07:52 AM dev.selenium.test.Modules.UserDetails EditUser
INFO: [PASS] Unable to add new user with Mismatched 'New' and 'Retype' Password
Mar 08, 2024 11:07:58 AM dev.selenium.test.Modules.UserDetails EditUser
INFO: [PASS] Unable to update user with incorrect 'Current' Password
Mar 08, 2024 11:08:05 AM dev.selenium.test.Modules.UserDetails ViewUser
INFO: [START] Checking if new added user is present on 'Users List'
Mar 08, 2024 11:08:07 AM dev.selenium.test.Modules.UserDetails ViewUser
INFO: [END] Checking if new added user is present on 'Users List'
Mar 08, 2024 11:08:19 AM dev.selenium.test.Modules.UserDetails EditUser
INFO: [PASS] Able to update user details and still able to login
Mar 08, 2024 11:08:37 AM dev.selenium.test.Modules.UserDetails EditUser
INFO: [PASS] Able to Login user with inactive user status
Mar 08, 2024 11:08:50 AM dev.selenium.test.Modules.UserDetails EditUser
INFO: [FAIL] Able to Login user with inactive user status
Mar 08, 2024 11:08:50 AM dev.selenium.test.Modules.UserDetails EditUser
INFO: [END] Editing User
Mar 08, 2024 11:08:50 AM dev.selenium.test.Modules.UserDetails Test_UserDetails
INFO: [END] of User Details
Mar 08, 2024 11:08:50 AM dev.selenium.test.Modules.PathSetup OpenModule
INFO: Opening User Details Module
Mar 08, 2024 11:08:54 AM dev.selenium.test.Modules.PathSetup OpenModule
INFO: [PASS] Opened Path Setup Module
Mar 08, 2024 11:08:55 AM dev.selenium.test.Modules.PathSetup AddPath
INFO: [PASS] Unable to add path setup without required fields
Mar 08, 2024 11:08:58 AM dev.selenium.test.Modules.PathSetup AddPath
INFO: [PASS] Cancel Button on Confirming Saving of New Path Setup
Mar 08, 2024 11:08:58 AM dev.selenium.test.Modules.PathSetup AddPath
INFO: [PASS] Saved New Path Setup - Required Field Only
Mar 08, 2024 11:08:58 AM dev.selenium.test.Modules.PathSetup ViewPath
INFO: [START] Validating Path Details for Adding with optional fields - 
Mar 08, 2024 11:09:01 AM dev.selenium.test.Modules.PathSetup ViewPath
INFO: [END] Validating Path Details forAdding with optional fields - 
Mar 08, 2024 11:09:05 AM dev.selenium.test.Modules.PathSetup AddPath
INFO: [PASS] Add Path Setup - Unable to add with existing Path Code
Mar 08, 2024 11:09:09 AM dev.selenium.test.Modules.PathSetup AddPath
INFO: [PASS] Add Path Setup - Able to ENCRYPT password
Mar 08, 2024 11:09:09 AM dev.selenium.test.Modules.PathSetup AddPath
INFO: [PASS] Add Path Setup - Able to DECRYPT Password
Mar 08, 2024 11:09:09 AM dev.selenium.test.Modules.PathSetup AddPath
INFO: [FAIL] Saved New Path Setup - Complete Fields
Mar 08, 2024 11:09:09 AM dev.selenium.test.Modules.PathSetup ViewPath
INFO: [START] Validating Path Details for Adding with complete fields - 
Mar 08, 2024 11:09:13 AM dev.selenium.test.Modules.PathSetup ViewPath
INFO: [END] Validating Path Details forAdding with complete fields - 
Mar 08, 2024 11:09:13 AM dev.selenium.test.Main main
INFO: One or more assertions failed: The following asserts failed:
	[ERROR] Edit User Details - Logging in with Inactive User Status updated to Active Status -  expected [Active] but found [Inactive],
	[ERROR] View Path Setup - Remote IP Address Values Do Not Match - Test Case: Adding with complete fields -  expected [192.168.199.25] but found [192.168.199.25_]
